Schema: 31
UID:    {770FDC4F-3C7D-4D3A-89FF-CCFD94D16671}
Vrs1:   Version 24.0.0 [40,00,00,A0,41]
Date1:  2022-05-17 10:14:31.286790
Vrs2:   Version 24.0.0 [40,00,00,50,2D]
Date2:  2022-05-17 10:14:31.286790
Document N:\Templates\BaseTemplates\Metric\Standard (mm).ipt was created using in-development software (11.0 Internal) and cannot be opened using production or beta software.
File Schema: 11.0.9000.24900
Software Schema: 11.0.0.27500
Saved From: 11.0 Internal
Saved On: Feb 15 14:53:15 2006
segInfo:
	UID:   {None}
	Date:  None
	Text:  ''
	U16:   000
	Text2: ''
	arr1:  [003,000]
	arr2:  []
	arr3:  []
	arr4:  []
	UID1:
		[00]: 'RDxPart'
		[01]: 'RDxPlane'
		[02]: 'RDxLine3'
		[03]: 'RDxPoint3'
		[04]: 'RDxBody'
		[05]: 'RDxPlanarSketch'
		[06]: 'RDxPoint2'
		[07]: 'RDxLine2'
		[08]: 'RDxDistanceDimension2'
		[09]: 'RDxFeature'
		[0A]: 'FWxRenderingStyle'
		[0B]: 'NMxFaceMergeData'
		[0C]: 'MIxTransactablePartition'
		[0D]: 'RSeAcisEntityWrapper'
		[0E]: '9DC2A241-11D2-99CC-A000-2AA976D456C9'
		[0F]: 'RDxStopNode'
		[10]: 'RDxBrowserFolder'
		[11]: '_BodiesFolder'
		[12]: 'NBxNotebook'
		[13]: 'MIxBrepComponent'
		[14]: 'RSeAcisEntityContainer'
		[15]: 'PMxEntryManager'
		[16]: '_ViewDirectionCollection'
		[17]: 'NBxEntry'
	UID2:
		[00]: 'UCxComponentNode'
		[01]: 'UCxWorkplaneNode'
		[02]: 'UCxWorkaxisNode'
		[03]: 'UCxWorkpointNode'
		[04]: 'PMxBodyNode'
		[05]: 'SCxSketchNode'
		[06]: 'PMxSingleFeatureOutline'
		[07]: 'PMxPartDrawAttr'
		[08]: 'RDxComponent'
		[09]: 'RDxModelerTxnMgr'
		[0A]: 'RDxBody'
		[0B]: 'PMxEntryManager'
		[0C]: 'BRxEntry'
		[0D]: 'PMxPartRepresentation'
		[0E]: 'NBxItem'
	Segments:
		FWxDesignViewManagerType:DesignViewSegment, count=(0/1), ID={167720CA-FC18-41BB-8DC4-6EE141B2E3DA}, value1=0000, arr1=[0000,0002,0001,000D,000D], arr2=[006C,0000], value2=0001, Version 24.0.0 [40,00,00,50,2D]
		NotebookSegmentType:NBNotebookSegment, count=(1/2), ID={6E8FBBC7-A660-4B70-AFA5-FE24EEDEC806}, value1=0000, arr1=[0000,0001,0001,0001,0001], arr2=[0003,0000], value2=0000, Version 24.0.0 [40,00,00,50,2D]
		PmAppSegmentType:PmAppSegment, count=(4/6), ID={63160DAA-6A98-4D2E-B6A0-1B603B325C7B}, value1=0000, arr1=[0000,0011,0004,0192,0184], arr2=[0017,0000], value2=0000, Version 24.0.0 [40,00,00,50,2D]
		PmBrepSegmentType:PmBRepSegment, count=(0/1), ID={9AEE1827-D6B1-4787-A812-ED19A9EE13AE}, value1=0000, arr1=[0000,0002,0001,000C,0008], arr2=[006D,0000], value2=0001, Version 24.0.0 [40,00,00,50,2D]
		PmBRxSegmentType:PmBrowserSegment, count=(3/21), ID={6CBE2C5D-68E4-476C-949A-3D194DF6CA15}, value1=0000, arr1=[0000,0004,0001,001C,001C], arr2=[006D,0000], value2=0000, Version 24.0.0 [40,00,00,50,2D]
		PmDcSegmentType:PmDCSegment, count=(2/5), ID={49120E74-F205-41A2-AA48-A854A182CE50}, value1=0000, arr1=[0000,000A,0004,00A4,00A4], arr2=[014B,0000], value2=0000, Version 24.0.0 [40,00,00,50,2D]
		PmGRxSegmentType:PmGraphicsSegment, count=(2/26), ID={5746A2F4-28B1-4A15-ABB4-701D0FF76D6B}, value1=0000, arr1=[0000,000B,0004,0172,00A6], arr2=[0073,0000], value2=0000, Version 24.0.0 [40,00,00,50,2D]
		PmResultSegmentType:PmResultSegment, count=(0/1), ID={A9B0B64D-C4A5-4EE3-94BF-94C396345DA9}, value1=0000, arr1=[0000,0002,0001,000D,0003], arr2=[0000,0000], value2=0001, Version 24.0.0 [40,00,00,50,2D]
